Layer place (z0-14)
Layer boundary (z0-14)
Layer poi (z12-14)
Layer poi_detail (z14-14) -> poi
Layer housenumber (z14-14)
Layer waterway (z8-14)
Layer waterway_detail (z12-14) -> waterway
Layer transportation (z4-14)
Layer transportation_name (z8-14)
Layer transportation_name_mid (z12-14) -> transportation_name
Layer transportation_name_detail (z14-14) -> transportation_name
Layer building (z13-14)
Layer water (z6-14)
Layer ocean (z0-14) -> water
Layer water_name (z14-14)
Layer water_name_detail (z14-14) -> water_name
Layer aeroway (z11-14)
Layer aerodrome_label (z10-14)
Layer park (z11-14)
Layer landuse (z4-14)
Layer urban_areas (z4-8) -> landuse
Layer landcover (z0-14)
Layer ice_shelf (z0-9) -> landcover
Layer glacier (z2-9) -> landcover
Layer mountain_peak (z11-14)
Bounding box 10.5414, 55.0265, 24.2247, 69.0664
Using osm store file: /mnt/c/Users/tomri/Documents/Softwareentwicklung/thurfischer-maps/maps/_work/store
Filename: /mnt/c/Users/tomri/Documents/Softwareentwicklung/thurfischer-maps/maps/_work/store/mmap_0.dat, size: 1024000000
Reading .shp ocean
